{"D:\\work\\cookBook\\uebungen\\10.07\\factorialize.js": {"path":"D:\\work\\cookBook\\uebungen\\10.07\\factorialize.js","all":false,"statementMap":{"0":{"start":{"line":1,"column":0},"end":{"line":1,"column":13}},"1":{"start":{"line":2,"column":0},"end":{"line":2,"column":0}},"2":{"start":{"line":3,"column":0},"end":{"line":3,"column":31}},"3":{"start":{"line":4,"column":0},"end":{"line":4,"column":21}},"4":{"start":{"line":5,"column":0},"end":{"line":5,"column":81}},"5":{"start":{"line":6,"column":0},"end":{"line":6,"column":5}},"6":{"start":{"line":7,"column":0},"end":{"line":7,"column":44}},"7":{"start":{"line":8,"column":0},"end":{"line":8,"column":73}},"8":{"start":{"line":9,"column":0},"end":{"line":9,"column":12}},"9":{"start":{"line":10,"column":0},"end":{"line":10,"column":41}},"10":{"start":{"line":11,"column":0},"end":{"line":11,"column":21}},"11":{"start":{"line":12,"column":0},"end":{"line":12,"column":16}},"12":{"start":{"line":13,"column":0},"end":{"line":13,"column":32}},"13":{"start":{"line":14,"column":0},"end":{"line":14,"column":32}},"14":{"start":{"line":15,"column":0},"end":{"line":15,"column":25}},"15":{"start":{"line":16,"column":0},"end":{"line":16,"column":33}},"16":{"start":{"line":17,"column":0},"end":{"line":17,"column":13}},"17":{"start":{"line":18,"column":0},"end":{"line":18,"column":26}},"18":{"start":{"line":19,"column":0},"end":{"line":19,"column":9}},"19":{"start":{"line":20,"column":0},"end":{"line":20,"column":5}},"20":{"start":{"line":21,"column":0},"end":{"line":21,"column":1}},"21":{"start":{"line":22,"column":0},"end":{"line":22,"column":22}}},"s":{"0":1,"1":1,"2":5,"3":5,"4":0,"5":0,"6":5,"7":1,"8":5,"9":4,"10":2,"11":2,"12":2,"13":2,"14":13,"15":13,"16":13,"17":2,"18":2,"19":4,"20":5,"21":1},"branchMap":{"0":{"type":"branch","line":3,"loc":{"start":{"line":3,"column":0},"end":{"line":21,"column":1}},"locations":[{"start":{"line":3,"column":0},"end":{"line":21,"column":1}}]},"1":{"type":"branch","line":4,"loc":{"start":{"line":4,"column":20},"end":{"line":6,"column":5}},"locations":[{"start":{"line":4,"column":20},"end":{"line":6,"column":5}}]},"2":{"type":"branch","line":7,"loc":{"start":{"line":7,"column":43},"end":{"line":9,"column":5}},"locations":[{"start":{"line":7,"column":43},"end":{"line":9,"column":5}}]},"3":{"type":"branch","line":9,"loc":{"start":{"line":9,"column":5},"end":{"line":20,"column":5}},"locations":[{"start":{"line":9,"column":5},"end":{"line":20,"column":5}}]},"4":{"type":"branch","line":10,"loc":{"start":{"line":10,"column":23},"end":{"line":10,"column":38}},"locations":[{"start":{"line":10,"column":23},"end":{"line":10,"column":38}}]},"5":{"type":"branch","line":10,"loc":{"start":{"line":10,"column":40},"end":{"line":19,"column":9}},"locations":[{"start":{"line":10,"column":40},"end":{"line":19,"column":9}}]},"6":{"type":"branch","line":14,"loc":{"start":{"line":14,"column":31},"end":{"line":17,"column":13}},"locations":[{"start":{"line":14,"column":31},"end":{"line":17,"column":13}}]}},"b":{"0":[5],"1":[0],"2":[1],"3":[4],"4":[3],"5":[2],"6":[13]},"fnMap":{"0":{"name":"factorialize","decl":{"start":{"line":3,"column":0},"end":{"line":21,"column":1}},"loc":{"start":{"line":3,"column":0},"end":{"line":21,"column":1}},"line":3}},"f":{"0":5}}
}
